<?xml version="1.0" encoding="UTF-8"?>
<coverage generated="1427455923">
  <project timestamp="1427455923">
    <package name="Album\Controller">
      <file name="D:\Dev\New\code\PHP\zf2-tutorial\zf2-tutorial\module/Album/src/Album/Controller/AlbumController.php">
        <class name="AlbumController" namespace="Album\Controller">
          <metrics methods="5" coveredmethods="3" conditionals="0" coveredconditionals="0" statements="60" coveredstatements="23" elements="65" coveredelements="26"/>
        </class>
        <line num="12" type="method" name="getAlbumTable" crap="2" count="2"/>
        <line num="14" type="stmt" count="2"/>
        <line num="15" type="stmt" count="2"/>
        <line num="16" type="stmt" count="2"/>
        <line num="17" type="stmt" count="2"/>
        <line num="18" type="stmt" count="2"/>
        <line num="21" type="method" name="indexAction" crap="1" count="1"/>
        <line num="22" type="stmt" count="1"/>
        <line num="23" type="stmt" count="1"/>
        <line num="24" type="stmt" count="1"/>
        <line num="25" type="stmt" count="1"/>
        <line num="27" type="method" name="addAction" crap="3" count="1"/>
        <line num="28" type="stmt" count="1"/>
        <line num="29" type="stmt" count="1"/>
        <line num="31" type="stmt" count="1"/>
        <line num="32" type="stmt" count="1"/>
        <line num="33" type="stmt" count="1"/>
        <line num="35" type="stmt" count="1"/>
        <line num="36" type="stmt" count="1"/>
        <line num="38" type="stmt" count="1"/>
        <line num="39" type="stmt" count="1"/>
        <line num="40" type="stmt" count="1"/>
        <line num="42" type="stmt" count="1"/>
        <line num="43" type="stmt" count="1"/>
        <line num="44" type="stmt" count="1"/>
        <line num="46" type="stmt" count="1"/>
        <line num="49" type="method" name="deleteAction" crap="20" count="0"/>
        <line num="50" type="stmt" count="0"/>
        <line num="51" type="stmt" count="0"/>
        <line num="52" type="stmt" count="0"/>
        <line num="55" type="stmt" count="0"/>
        <line num="56" type="stmt" count="0"/>
        <line num="57" type="stmt" count="0"/>
        <line num="59" type="stmt" count="0"/>
        <line num="60" type="stmt" count="0"/>
        <line num="61" type="stmt" count="0"/>
        <line num="62" type="stmt" count="0"/>
        <line num="65" type="stmt" count="0"/>
        <line num="69" type="stmt" count="0"/>
        <line num="70" type="stmt" count="0"/>
        <line num="71" type="stmt" count="0"/>
        <line num="74" type="method" name="editAction" crap="30" count="0"/>
        <line num="75" type="stmt" count="0"/>
        <line num="76" type="stmt" count="0"/>
        <line num="77" type="stmt" count="0"/>
        <line num="79" type="stmt" count="0"/>
        <line num="85" type="stmt" count="0"/>
        <line num="87" type="stmt" count="0"/>
        <line num="88" type="stmt" count="0"/>
        <line num="90" type="stmt" count="0"/>
        <line num="92" type="stmt" count="0"/>
        <line num="93" type="stmt" count="0"/>
        <line num="94" type="stmt" count="0"/>
        <line num="95" type="stmt" count="0"/>
        <line num="97" type="stmt" count="0"/>
        <line num="98" type="stmt" count="0"/>
        <line num="99" type="stmt" count="0"/>
        <line num="100" type="stmt" count="0"/>
        <line num="102" type="stmt" count="0"/>
        <line num="103" type="stmt" count="0"/>
        <line num="106" type="stmt" count="0"/>
        <line num="108" type="stmt" count="0"/>
        <line num="111" type="stmt" count="0"/>
        <line num="112" type="stmt" count="0"/>
        <line num="113" type="stmt" count="0"/>
        <metrics loc="114" ncloc="106" classes="1" methods="5" coveredmethods="3" conditionals="0" coveredconditionals="0" statements="60" coveredstatements="23" elements="65" coveredelements="26"/>
      </file>
    </package>
    <package name="Album\Form">
      <file name="D:\Dev\New\code\PHP\zf2-tutorial\zf2-tutorial\module/Album/src/Album/Form/AlbumForm.php">
        <class name="AlbumForm" namespace="Album\Form">
          <metrics methods="1" coveredmethods="1" conditionals="0" coveredconditionals="0" statements="23" coveredstatements="23" elements="24" coveredelements="24"/>
        </class>
        <line num="7" type="method" name="__construct" crap="1" count="1"/>
        <line num="8" type="stmt" count="1"/>
        <line num="10" type="stmt" count="1"/>
        <line num="12" type="stmt" count="1"/>
        <line num="13" type="stmt" count="1"/>
        <line num="14" type="stmt" count="1"/>
        <line num="16" type="stmt" count="1"/>
        <line num="17" type="stmt" count="1"/>
        <line num="18" type="stmt" count="1"/>
        <line num="20" type="stmt" count="1"/>
        <line num="22" type="stmt" count="1"/>
        <line num="24" type="stmt" count="1"/>
        <line num="25" type="stmt" count="1"/>
        <line num="26" type="stmt" count="1"/>
        <line num="28" type="stmt" count="1"/>
        <line num="30" type="stmt" count="1"/>
        <line num="31" type="stmt" count="1"/>
        <line num="32" type="stmt" count="1"/>
        <line num="33" type="stmt" count="1"/>
        <line num="35" type="stmt" count="1"/>
        <line num="36" type="stmt" count="1"/>
        <line num="37" type="stmt" count="1"/>
        <line num="38" type="stmt" count="1"/>
        <line num="39" type="stmt" count="1"/>
        <metrics loc="39" ncloc="39" classes="1" methods="1" coveredmethods="1" conditionals="0" coveredconditionals="0" statements="23" coveredstatements="23" elements="24" coveredelements="24"/>
      </file>
    </package>
    <package name="Album\Model">
      <file name="D:\Dev\New\code\PHP\zf2-tutorial\zf2-tutorial\module/Album/src/Album/Model/Album.php">
        <class name="Album" namespace="Album\Model">
          <metrics methods="4" coveredmethods="2" conditionals="0" coveredconditionals="0" statements="45" coveredstatements="43" elements="49" coveredelements="45"/>
        </class>
        <line num="12" type="method" name="exchangeArray" crap="4" count="1"/>
        <line num="14" type="stmt" count="1"/>
        <line num="15" type="stmt" count="1"/>
        <line num="16" type="stmt" count="1"/>
        <line num="17" type="stmt" count="1"/>
        <line num="18" type="method" name="getArrayCopy" crap="2" count="0"/>
        <line num="20" type="stmt" count="0"/>
        <line num="22" type="method" name="setInputFilter" crap="2" count="0"/>
        <line num="23" type="stmt" count="0"/>
        <line num="26" type="method" name="getInputFilter" crap="2" count="1"/>
        <line num="27" type="stmt" count="1"/>
        <line num="28" type="stmt" count="1"/>
        <line num="29" type="stmt" count="1"/>
        <line num="30" type="stmt" count="1"/>
        <line num="31" type="stmt" count="1"/>
        <line num="33" type="stmt" count="1"/>
        <line num="34" type="stmt" count="1"/>
        <line num="35" type="stmt" count="1"/>
        <line num="37" type="stmt" count="1"/>
        <line num="38" type="stmt" count="1"/>
        <line num="39" type="stmt" count="1"/>
        <line num="41" type="stmt" count="1"/>
        <line num="42" type="stmt" count="1"/>
        <line num="43" type="stmt" count="1"/>
        <line num="46" type="stmt" count="1"/>
        <line num="48" type="stmt" count="1"/>
        <line num="49" type="stmt" count="1"/>
        <line num="50" type="stmt" count="1"/>
        <line num="51" type="stmt" count="1"/>
        <line num="52" type="stmt" count="1"/>
        <line num="53" type="stmt" count="1"/>
        <line num="54" type="stmt" count="1"/>
        <line num="56" type="stmt" count="1"/>
        <line num="57" type="stmt" count="1"/>
        <line num="58" type="stmt" count="1"/>
        <line num="60" type="stmt" count="1"/>
        <line num="61" type="stmt" count="1"/>
        <line num="62" type="stmt" count="1"/>
        <line num="65" type="stmt" count="1"/>
        <line num="67" type="stmt" count="1"/>
        <line num="68" type="stmt" count="1"/>
        <line num="69" type="stmt" count="1"/>
        <line num="70" type="stmt" count="1"/>
        <line num="71" type="stmt" count="1"/>
        <line num="72" type="stmt" count="1"/>
        <line num="73" type="stmt" count="1"/>
        <line num="75" type="stmt" count="1"/>
        <line num="77" type="stmt" count="1"/>
        <line num="79" type="stmt" count="1"/>
        <metrics loc="80" ncloc="80" classes="1" methods="4" coveredmethods="2" conditionals="0" coveredconditionals="0" statements="45" coveredstatements="43" elements="49" coveredelements="45"/>
      </file>
      <file name="D:\Dev\New\code\PHP\zf2-tutorial\zf2-tutorial\module/Album/src/Album/Model/AlbumTable.php">
        <class name="AlbumTable" namespace="Album\Model">
          <metrics methods="5" coveredmethods="0" conditionals="0" coveredconditionals="0" statements="24" coveredstatements="0" elements="29" coveredelements="0"/>
        </class>
        <line num="7" type="method" name="__construct" crap="2" count="0"/>
        <line num="9" type="stmt" count="0"/>
        <line num="10" type="stmt" count="0"/>
        <line num="12" type="method" name="fetchAll" crap="2" count="0"/>
        <line num="14" type="stmt" count="0"/>
        <line num="15" type="stmt" count="0"/>
        <line num="18" type="method" name="getAlbum" crap="6" count="0"/>
        <line num="20" type="stmt" count="0"/>
        <line num="21" type="stmt" count="0"/>
        <line num="22" type="stmt" count="0"/>
        <line num="23" type="stmt" count="0"/>
        <line num="24" type="stmt" count="0"/>
        <line num="26" type="stmt" count="0"/>
        <line num="29" type="method" name="saveAlbum" crap="12" count="0"/>
        <line num="32" type="stmt" count="0"/>
        <line num="33" type="stmt" count="0"/>
        <line num="34" type="stmt" count="0"/>
        <line num="36" type="stmt" count="0"/>
        <line num="37" type="stmt" count="0"/>
        <line num="38" type="stmt" count="0"/>
        <line num="39" type="stmt" count="0"/>
        <line num="40" type="stmt" count="0"/>
        <line num="41" type="stmt" count="0"/>
        <line num="42" type="stmt" count="0"/>
        <line num="43" type="stmt" count="0"/>
        <line num="46" type="stmt" count="0"/>
        <line num="48" type="method" name="deleteAlbum" crap="2" count="0"/>
        <line num="50" type="stmt" count="0"/>
        <line num="51" type="stmt" count="0"/>
        <metrics loc="51" ncloc="51" classes="1" methods="5" coveredmethods="0" conditionals="0" coveredconditionals="0" statements="24" coveredstatements="0" elements="29" coveredelements="0"/>
      </file>
    </package>
    <package name="Blog">
      <file name="D:\Dev\New\code\PHP\zf2-tutorial\zf2-tutorial\module/Blog/src/Blog/BlogUtils.php">
        <class name="BlogUtils" namespace="Blog">
          <metrics methods="0" coveredmethods="0" conditionals="0" coveredconditionals="0" statements="0" coveredstatements="0" elements="0" coveredelements="0"/>
        </class>
        <metrics loc="6" ncloc="6" classes="1" methods="0" coveredmethods="0" conditionals="0" coveredconditionals="0" statements="0" coveredstatements="0" elements="0" coveredelements="0"/>
      </file>
    </package>
    <package name="Blog\Controller">
      <file name="D:\Dev\New\code\PHP\zf2-tutorial\zf2-tutorial\module/Blog/src/Blog/Controller/ListController.php">
        <class name="ListController" namespace="Blog\Controller">
          <metrics methods="3" coveredmethods="3" conditionals="0" coveredconditionals="0" statements="9" coveredstatements="9" elements="12" coveredelements="12"/>
        </class>
        <line num="13" type="method" name="__construct" crap="1" count="3"/>
        <line num="14" type="stmt" count="3"/>
        <line num="15" type="stmt" count="3"/>
        <line num="18" type="method" name="indexAction" crap="1" count="1"/>
        <line num="19" type="stmt" count="1"/>
        <line num="20" type="stmt" count="1"/>
        <line num="21" type="stmt" count="1"/>
        <line num="25" type="method" name="detailAction" crap="2" count="2"/>
        <line num="26" type="stmt" count="2"/>
        <line num="28" type="stmt" count="2"/>
        <line num="30" type="stmt" count="2"/>
        <line num="32" type="stmt" count="1"/>
        <metrics loc="35" ncloc="33" classes="1" methods="3" coveredmethods="3" conditionals="0" coveredconditionals="0" statements="9" coveredstatements="9" elements="12" coveredelements="12"/>
      </file>
      <file name="D:\Dev\New\code\PHP\zf2-tutorial\zf2-tutorial\module/Blog/src/Blog/Controller/WriteController.php">
        <class name="WriteController" namespace="Blog\Controller">
          <metrics methods="4" coveredmethods="2" conditionals="0" coveredconditionals="0" statements="43" coveredstatements="37" elements="47" coveredelements="39"/>
        </class>
        <line num="19" type="method" name="__construct" crap="1" count="10"/>
        <line num="20" type="stmt" count="10"/>
        <line num="21" type="stmt" count="10"/>
        <line num="22" type="stmt" count="10"/>
        <line num="24" type="method" name="addAction" crap="4.16" count="2"/>
        <line num="26" type="stmt" count="2"/>
        <line num="27" type="stmt" count="2"/>
        <line num="28" type="stmt" count="1"/>
        <line num="29" type="stmt" count="1"/>
        <line num="31" type="stmt" count="1"/>
        <line num="33" type="stmt" count="1"/>
        <line num="34" type="stmt" count="1"/>
        <line num="35" type="stmt" count="1"/>
        <line num="36" type="stmt" count="0"/>
        <line num="37" type="stmt" count="0"/>
        <line num="40" type="stmt" count="0"/>
        <line num="42" type="stmt" count="1"/>
        <line num="43" type="stmt" count="1"/>
        <line num="45" type="stmt" count="1"/>
        <line num="50" type="method" name="editAction" crap="5.20" count="3"/>
        <line num="51" type="stmt" count="3"/>
        <line num="53" type="stmt" count="3"/>
        <line num="54" type="stmt" count="3"/>
        <line num="56" type="stmt" count="2"/>
        <line num="57" type="stmt" count="2"/>
        <line num="58" type="stmt" count="1"/>
        <line num="60" type="stmt" count="1"/>
        <line num="63" type="stmt" count="1"/>
        <line num="64" type="stmt" count="1"/>
        <line num="65" type="stmt" count="0"/>
        <line num="68" type="stmt" count="0"/>
        <line num="69" type="stmt" count="0"/>
        <line num="71" type="stmt" count="1"/>
        <line num="72" type="stmt" count="1"/>
        <line num="74" type="stmt" count="1"/>
        <line num="78" type="method" name="deleteAction" crap="4" count="4"/>
        <line num="80" type="stmt" count="4"/>
        <line num="81" type="stmt" count="4"/>
        <line num="83" type="stmt" count="3"/>
        <line num="85" type="stmt" count="3"/>
        <line num="87" type="stmt" count="2"/>
        <line num="89" type="stmt" count="2"/>
        <line num="90" type="stmt" count="1"/>
        <line num="91" type="stmt" count="1"/>
        <line num="93" type="stmt" count="2"/>
        <line num="96" type="stmt" count="1"/>
        <line num="98" type="stmt" count="1"/>
        <metrics loc="101" ncloc="93" classes="1" methods="4" coveredmethods="2" conditionals="0" coveredconditionals="0" statements="43" coveredstatements="37" elements="47" coveredelements="39"/>
      </file>
    </package>
    <package name="Blog\Entity">
      <file name="D:\Dev\New\code\PHP\zf2-tutorial\zf2-tutorial\module/Blog/src/Blog/Entity/Post.php">
        <class name="Post" namespace="Blog\Entity">
          <metrics methods="8" coveredmethods="7" conditionals="0" coveredconditionals="0" statements="12" coveredstatements="10" elements="20" coveredelements="17"/>
        </class>
        <line num="43" type="method" name="getId" crap="1" count="7"/>
        <line num="44" type="stmt" count="7"/>
        <line num="47" type="method" name="setId" crap="1" count="3"/>
        <line num="48" type="stmt" count="3"/>
        <line num="49" type="stmt" count="3"/>
        <line num="52" type="method" name="getTitle" crap="1" count="8"/>
        <line num="53" type="stmt" count="8"/>
        <line num="56" type="method" name="setTitle" crap="1" count="4"/>
        <line num="57" type="stmt" count="4"/>
        <line num="58" type="stmt" count="4"/>
        <line num="61" type="method" name="getText" crap="1" count="8"/>
        <line num="62" type="stmt" count="8"/>
        <line num="65" type="method" name="setText" crap="1" count="4"/>
        <line num="66" type="stmt" count="4"/>
        <line num="67" type="stmt" count="4"/>
        <line num="69" type="method" name="getImage" crap="1" count="5"/>
        <line num="70" type="stmt" count="5"/>
        <line num="72" type="method" name="setImage" crap="2" count="0"/>
        <line num="73" type="stmt" count="0"/>
        <line num="74" type="stmt" count="0"/>
        <metrics loc="79" ncloc="53" classes="1" methods="8" coveredmethods="7" conditionals="0" coveredconditionals="0" statements="12" coveredstatements="10" elements="20" coveredelements="17"/>
      </file>
    </package>
    <package name="Blog\Factory">
      <file name="D:\Dev\New\code\PHP\zf2-tutorial\zf2-tutorial\module/Blog/src/Blog/Factory/ListControllerFactory.php">
        <class name="ListControllerFactory" namespace="Blog\Factory">
          <metrics methods="1" coveredmethods="1" conditionals="0" coveredconditionals="0" statements="3" coveredstatements="3" elements="4" coveredelements="4"/>
        </class>
        <line num="10" type="method" name="createService" crap="1" count="3"/>
        <line num="12" type="stmt" count="3"/>
        <line num="13" type="stmt" count="3"/>
        <line num="15" type="stmt" count="3"/>
        <metrics loc="16" ncloc="16" classes="1" methods="1" coveredmethods="1" conditionals="0" coveredconditionals="0" statements="3" coveredstatements="3" elements="4" coveredelements="4"/>
      </file>
      <file name="D:\Dev\New\code\PHP\zf2-tutorial\zf2-tutorial\module/Blog/src/Blog/Factory/PostFormFactory.php">
        <class name="PostFormFactory" namespace="Blog\Factory">
          <metrics methods="1" coveredmethods="1" conditionals="0" coveredconditionals="0" statements="2" coveredstatements="2" elements="3" coveredelements="3"/>
        </class>
        <line num="10" type="method" name="createService" crap="1" count="14"/>
        <line num="12" type="stmt" count="14"/>
        <line num="14" type="stmt" count="14"/>
        <metrics loc="16" ncloc="16" classes="1" methods="1" coveredmethods="1" conditionals="0" coveredconditionals="0" statements="2" coveredstatements="2" elements="3" coveredelements="3"/>
      </file>
      <file name="D:\Dev\New\code\PHP\zf2-tutorial\zf2-tutorial\module/Blog/src/Blog/Factory/PostServiceFactory.php">
        <class name="PostServiceFactory" namespace="Blog\Factory">
          <metrics methods="1" coveredmethods="1" conditionals="0" coveredconditionals="0" statements="3" coveredstatements="3" elements="4" coveredelements="4"/>
        </class>
        <line num="9" type="method" name="createService" crap="1" count="18"/>
        <line num="11" type="stmt" count="18"/>
        <line num="12" type="stmt" count="18"/>
        <line num="13" type="stmt" count="18"/>
        <metrics loc="15" ncloc="15" classes="1" methods="1" coveredmethods="1" conditionals="0" coveredconditionals="0" statements="3" coveredstatements="3" elements="4" coveredelements="4"/>
      </file>
      <file name="D:\Dev\New\code\PHP\zf2-tutorial\zf2-tutorial\module/Blog/src/Blog/Factory/WriteControllerFactory.php">
        <class name="WriteControllerFactory" namespace="Blog\Factory">
          <metrics methods="1" coveredmethods="1" conditionals="0" coveredconditionals="0" statements="4" coveredstatements="4" elements="5" coveredelements="5"/>
        </class>
        <line num="10" type="method" name="createService" crap="1" count="10"/>
        <line num="12" type="stmt" count="10"/>
        <line num="13" type="stmt" count="10"/>
        <line num="15" type="stmt" count="10"/>
        <line num="17" type="stmt" count="10"/>
        <metrics loc="19" ncloc="19" classes="1" methods="1" coveredmethods="1" conditionals="0" coveredconditionals="0" statements="4" coveredstatements="4" elements="5" coveredelements="5"/>
      </file>
    </package>
    <package name="Blog\Form">
      <file name="D:\Dev\New\code\PHP\zf2-tutorial\zf2-tutorial\module/Blog/src/Blog/Form/PostFieldset.php">
        <class name="PostFieldset" namespace="Blog\Form">
          <metrics methods="4" coveredmethods="2" conditionals="0" coveredconditionals="0" statements="45" coveredstatements="42" elements="49" coveredelements="44"/>
        </class>
        <line num="12" type="method" name="__construct" crap="1" count="14"/>
        <line num="14" type="stmt" count="14"/>
        <line num="16" type="stmt" count="14"/>
        <line num="18" type="stmt" count="14"/>
        <line num="19" type="stmt" count="14"/>
        <line num="20" type="stmt" count="14"/>
        <line num="21" type="stmt" count="14"/>
        <line num="23" type="stmt" count="14"/>
        <line num="24" type="stmt" count="14"/>
        <line num="25" type="stmt" count="14"/>
        <line num="27" type="stmt" count="14"/>
        <line num="29" type="stmt" count="14"/>
        <line num="31" type="stmt" count="14"/>
        <line num="32" type="stmt" count="14"/>
        <line num="33" type="stmt" count="14"/>
        <line num="35" type="stmt" count="14"/>
        <line num="37" type="stmt" count="14"/>
        <line num="50" type="stmt" count="14"/>
        <line num="56" type="method" name="getInputFilterSpecification" crap="1" count="6"/>
        <line num="61" type="stmt" count="6"/>
        <line num="63" type="stmt" count="6"/>
        <line num="64" type="stmt" count="6"/>
        <line num="65" type="stmt" count="6"/>
        <line num="68" type="stmt" count="6"/>
        <line num="70" type="stmt" count="6"/>
        <line num="71" type="stmt" count="6"/>
        <line num="72" type="stmt" count="6"/>
        <line num="73" type="stmt" count="6"/>
        <line num="74" type="stmt" count="6"/>
        <line num="75" type="stmt" count="6"/>
        <line num="76" type="stmt" count="6"/>
        <line num="80" type="stmt" count="6"/>
        <line num="82" type="stmt" count="6"/>
        <line num="83" type="stmt" count="6"/>
        <line num="84" type="stmt" count="6"/>
        <line num="87" type="stmt" count="6"/>
        <line num="89" type="stmt" count="6"/>
        <line num="90" type="stmt" count="6"/>
        <line num="91" type="stmt" count="6"/>
        <line num="92" type="stmt" count="6"/>
        <line num="93" type="stmt" count="6"/>
        <line num="94" type="stmt" count="6"/>
        <line num="95" type="stmt" count="6"/>
        <line num="96" type="stmt" count="6"/>
        <line num="99" type="method" name="setObjectManager" crap="2" count="0"/>
        <line num="101" type="stmt" count="0"/>
        <line num="102" type="stmt" count="0"/>
        <line num="104" type="method" name="getObjectManager" crap="2" count="0"/>
        <line num="106" type="stmt" count="0"/>
        <metrics loc="107" ncloc="95" classes="1" methods="4" coveredmethods="2" conditionals="0" coveredconditionals="0" statements="45" coveredstatements="42" elements="49" coveredelements="44"/>
      </file>
      <file name="D:\Dev\New\code\PHP\zf2-tutorial\zf2-tutorial\module/Blog/src/Blog/Form/PostForm.php">
        <class name="PostForm" namespace="Blog\Form">
          <metrics methods="3" coveredmethods="1" conditionals="0" coveredconditionals="0" statements="17" coveredstatements="14" elements="20" coveredelements="15"/>
        </class>
        <line num="14" type="method" name="__construct" crap="1" count="14"/>
        <line num="16" type="stmt" count="14"/>
        <line num="17" type="stmt" count="14"/>
        <line num="20" type="stmt" count="14"/>
        <line num="21" type="stmt" count="14"/>
        <line num="23" type="stmt" count="14"/>
        <line num="24" type="stmt" count="14"/>
        <line num="26" type="stmt" count="14"/>
        <line num="30" type="stmt" count="14"/>
        <line num="32" type="stmt" count="14"/>
        <line num="33" type="stmt" count="14"/>
        <line num="34" type="stmt" count="14"/>
        <line num="36" type="stmt" count="14"/>
        <line num="38" type="stmt" count="14"/>
        <line num="43" type="stmt" count="14"/>
        <line num="46" type="method" name="setObjectManager" crap="2" count="0"/>
        <line num="48" type="stmt" count="0"/>
        <line num="49" type="stmt" count="0"/>
        <line num="52" type="method" name="getObjectManager" crap="2" count="0"/>
        <line num="54" type="stmt" count="0"/>
        <metrics loc="58" ncloc="46" classes="1" methods="3" coveredmethods="1" conditionals="0" coveredconditionals="0" statements="17" coveredstatements="14" elements="20" coveredelements="15"/>
      </file>
    </package>
    <file name="D:\Dev\New\code\PHP\zf2-tutorial\zf2-tutorial\module/Blog/src/Blog/Interfaces/PostServiceInterface.php">
      <metrics loc="7" ncloc="7" classes="0" methods="0" coveredmethods="0" conditionals="0" coveredconditionals="0" statements="0" coveredstatements="0" elements="0" coveredelements="0"/>
    </file>
    <package name="Blog\Repository">
      <file name="D:\Dev\New\code\PHP\zf2-tutorial\zf2-tutorial\module/Blog/src/Blog/Repository/PostRepository.php">
        <class name="PostRepository" namespace="Blog\Repository">
          <metrics methods="2" coveredmethods="2" conditionals="0" coveredconditionals="0" statements="8" coveredstatements="8" elements="10" coveredelements="10"/>
        </class>
        <line num="9" type="method" name="save" crap="2" count="1"/>
        <line num="11" type="stmt" count="1"/>
        <line num="12" type="stmt" count="1"/>
        <line num="13" type="stmt" count="1"/>
        <line num="17" type="stmt" count="1"/>
        <line num="20" type="method" name="delete" crap="2" count="1"/>
        <line num="22" type="stmt" count="1"/>
        <line num="23" type="stmt" count="1"/>
        <line num="24" type="stmt" count="1"/>
        <line num="28" type="stmt" count="1"/>
        <metrics loc="29" ncloc="25" classes="1" methods="2" coveredmethods="2" conditionals="0" coveredconditionals="0" statements="8" coveredstatements="8" elements="10" coveredelements="10"/>
      </file>
    </package>
    <package name="Blog\Services">
      <file name="D:\Dev\New\code\PHP\zf2-tutorial\zf2-tutorial\module/Blog/src/Blog/Services/PostService.php">
        <class name="PostService" namespace="Blog\Services">
          <metrics methods="5" coveredmethods="5" conditionals="0" coveredconditionals="0" statements="10" coveredstatements="10" elements="15" coveredelements="15"/>
        </class>
        <line num="12" type="method" name="__construct" crap="1" count="18"/>
        <line num="13" type="stmt" count="18"/>
        <line num="14" type="stmt" count="18"/>
        <line num="16" type="method" name="findAllPost" crap="1" count="3"/>
        <line num="17" type="stmt" count="3"/>
        <line num="20" type="method" name="findPost" crap="1" count="6"/>
        <line num="21" type="stmt" count="6"/>
        <line num="24" type="method" name="savePost" crap="2" count="1"/>
        <line num="26" type="stmt" count="1"/>
        <line num="27" type="stmt" count="1"/>
        <line num="31" type="stmt" count="1"/>
        <line num="33" type="method" name="deletePost" crap="2" count="1"/>
        <line num="35" type="stmt" count="1"/>
        <line num="36" type="stmt" count="1"/>
        <line num="40" type="stmt" count="1"/>
        <metrics loc="40" ncloc="36" classes="1" methods="5" coveredmethods="5" conditionals="0" coveredconditionals="0" statements="10" coveredstatements="10" elements="15" coveredelements="15"/>
      </file>
    </package>
    <metrics files="17" loc="812" ncloc="736" classes="16" methods="48" coveredmethods="32" conditionals="0" coveredconditionals="0" statements="308" coveredstatements="231" elements="356" coveredelements="263"/>
  </project>
</coverage>
